<beans xmlns="http://www.springframework.org/schema/beans"
	xmlns:context="http://www.springframework.org/schema/context"
	xmlns:xsi="http://www.w3.org/2001/XMLSchema-instance" xmlns:jdbc="http://www.springframework.org/schema/jdbc"
	xmlns:ss="http://www.springframework.org/schema/security"

	xsi:schemaLocation="http://www.springframework.org/schema/beans
    http://www.springframework.org/schema/beans/spring-beans.xsd
    http://www.springframework.org/schema/jdbc
    http://www.springframework.org/schema/jdbc/spring-jdbc.xsd
    http://www.springframework.org/schema/context
    http://www.springframework.org/schema/context/spring-context.xsd
    http://www.springframework.org/schema/security
    http://www.springframework.org/schema/security/spring-security.xsd">

	<bean id="Bean" name="Bean"
		class="com.mulesoft.services.DerbyInitializeMappingTable" />
    <import resource="classpath:datatranslation-api.xml"/>
    <import resource="classpath:spring-beans.xml"/>
    <import resource="classpath:globals.xml"/>
    <import resource="classpath:global-errorhandling.xml"/>
    <import resource="classpath:notificationservice.xml"/>
    <import resource="classpath:datatranslation-cache-implementation.xml"/>
    <import resource="classpath:datatranslation-csvfile-datamapping-implementation.xml"/>
    <import resource="classpath:datatranslation-derby-datamapping-implementation.xml"/>
    <import resource="classpath:datatranslation-translationImplementation.xml"/>
</beans>